# JRE version: OpenJDK Runtime Environment Temurin-17.0.16+8 (17.0.16+8) (build 17.0.16+8)
# Java VM: OpenJDK 64-Bit Server VM Temurin-17.0.16+8 (17.0.16+8, mixed mode, emulated-client, sharing, tiered, compressed oops, compressed class ptrs, g1 gc, windows-amd64)
GC Precious Log:
 CPUs: 12 total, 12 available
 Memory: 5989M
 Large Page Support: Disabled
 NUMA Support: Disabled
 Compressed Oops: Enabled (32-bit)
 Heap Region Size: 1M
 Heap Min Capacity: 8M
 Heap Initial Capacity: 94M
 Heap Max Capacity: 1498M
 Pre-touch: Disabled
 Parallel Workers: 10
 Concurrent Workers: 3
 Concurrent Refinement Workers: 10
 Periodic GC: Disabled
Heap:
 garbage-first heap   total 78848K, used 32090K [0x00000000a2600000, 0x0000000100000000)
  region size 1024K, 9 young (9216K), 5 survivors (5120K)
 Metaspace       used 35417K, committed 35904K, reserved 1114112K
  class space    used 5127K, committed 5376K, reserved 1048576K
GC Heap History (18 events):
Event: 1.138 GC heap before
{Heap before GC invocations=0 (full 0):
 garbage-first heap   total 96256K, used 27648K [0x00000000a2600000, 0x0000000100000000)
  region size 1024K, 23 young (23552K), 0 survivors (0K)
 Metaspace       used 5901K, committed 6080K, reserved 1114112K
  class space    used 735K, committed 832K, reserved 1048576K
}
Event: 1.150 GC heap after
{Heap after GC invocations=1 (full 0):
 garbage-first heap   total 96256K, used 12184K [0x00000000a2600000, 0x0000000100000000)
  region size 1024K, 3 young (3072K), 3 survivors (3072K)
 Metaspace       used 5901K, committed 6080K, reserved 1114112K
  class space    used 735K, committed 832K, reserved 1048576K
}
Event: 1.520 GC heap before
{Heap before GC invocations=1 (full 0):
 garbage-first heap   total 96256K, used 37784K [0x00000000a2600000, 0x0000000100000000)
  region size 1024K, 25 young (25600K), 3 survivors (3072K)
 Metaspace       used 8278K, committed 8448K, reserved 1114112K
  class space    used 1024K, committed 1088K, reserved 1048576K
}
Event: 1.534 GC heap after
{Heap after GC invocations=2 (full 0):
 garbage-first heap   total 96256K, used 19456K [0x00000000a2600000, 0x0000000100000000)
  region size 1024K, 4 young (4096K), 4 survivors (4096K)
 Metaspace       used 8278K, committed 8448K, reserved 1114112K
  class space    used 1024K, committed 1088K, reserved 1048576K
}
Event: 3.659 GC heap before
{Heap before GC invocations=2 (full 0):
 garbage-first heap   total 96256K, used 47104K [0x00000000a2600000, 0x0000000100000000)
  region size 1024K, 32 young (32768K), 4 survivors (4096K)
 Metaspace       used 13107K, committed 13440K, reserved 1114112K
  class space    used 1762K, committed 1920K, reserved 1048576K
}
Event: 3.663 GC heap after
{Heap after GC invocations=3 (full 0):
 garbage-first heap   total 96256K, used 20158K [0x00000000a2600000, 0x0000000100000000)
  region size 1024K, 3 young (3072K), 3 survivors (3072K)
 Metaspace       used 13107K, committed 13440K, reserved 1114112K
  class space    used 1762K, committed 1920K, reserved 1048576K
}
Event: 4.281 GC heap before
{Heap before GC invocations=3 (full 0):
 garbage-first heap   total 96256K, used 64190K [0x00000000a2600000, 0x0000000100000000)
  region size 1024K, 47 young (48128K), 3 survivors (3072K)
 Metaspace       used 20623K, committed 20992K, reserved 1114112K
  class space    used 2887K, committed 3072K, reserved 1048576K
}
Event: 4.287 GC heap after
{Heap after GC invocations=4 (full 0):
 garbage-first heap   total 96256K, used 22352K [0x00000000a2600000, 0x0000000100000000)
  region size 1024K, 5 young (5120K), 5 survivors (5120K)
 Metaspace       used 20623K, committed 20992K, reserved 1114112K
  class space    used 2887K, committed 3072K, reserved 1048576K
}
Event: 4.326 GC heap before
{Heap before GC invocations=4 (full 0):
 garbage-first heap   total 96256K, used 25424K [0x00000000a2600000, 0x0000000100000000)
  region size 1024K, 10 young (10240K), 5 survivors (5120K)
 Metaspace       used 21119K, committed 21504K, reserved 1114112K
  class space    used 2934K, committed 3136K, reserved 1048576K
}
Event: 4.331 GC heap after
{Heap after GC invocations=5 (full 0):
 garbage-first heap   total 96256K, used 23229K [0x00000000a2600000, 0x0000000100000000)
  region size 1024K, 4 young (4096K), 4 survivors (4096K)
 Metaspace       used 21119K, committed 21504K, reserved 1114112K
  class space    used 2934K, committed 3136K, reserved 1048576K
}
Event: 4.952 GC heap before
{Heap before GC invocations=6 (full 0):
 garbage-first heap   total 78848K, used 62141K [0x00000000a2600000, 0x0000000100000000)
  region size 1024K, 44 young (45056K), 4 survivors (4096K)
 Metaspace       used 25627K, committed 26048K, reserved 1114112K
  class space    used 3560K, committed 3712K, reserved 1048576K
}
Event: 4.957 GC heap after
{Heap after GC invocations=7 (full 0):
 garbage-first heap   total 78848K, used 24015K [0x00000000a2600000, 0x0000000100000000)
  region size 1024K, 6 young (6144K), 6 survivors (6144K)
 Metaspace       used 25627K, committed 26048K, reserved 1114112K
  class space    used 3560K, committed 3712K, reserved 1048576K
}
Event: 5.540 GC heap before
{Heap before GC invocations=7 (full 0):
 garbage-first heap   total 78848K, used 52687K [0x00000000a2600000, 0x0000000100000000)
  region size 1024K, 35 young (35840K), 6 survivors (6144K)
 Metaspace       used 27980K, committed 28416K, reserved 1114112K
  class space    used 3909K, committed 4096K, reserved 1048576K
}
Event: 5.545 GC heap after
{Heap after GC invocations=8 (full 0):
 garbage-first heap   total 78848K, used 25262K [0x00000000a2600000, 0x0000000100000000)
  region size 1024K, 2 young (2048K), 2 survivors (2048K)
 Metaspace       used 27980K, committed 28416K, reserved 1114112K
  class space    used 3909K, committed 4096K, reserved 1048576K
}
Event: 6.493 GC heap before
{Heap before GC invocations=8 (full 0):
 garbage-first heap   total 78848K, used 55982K [0x00000000a2600000, 0x0000000100000000)
  region size 1024K, 32 young (32768K), 2 survivors (2048K)
 Metaspace       used 31248K, committed 31680K, reserved 1114112K
  class space    used 4502K, committed 4672K, reserved 1048576K
}
Event: 6.496 GC heap after
{Heap after GC invocations=9 (full 0):
 garbage-first heap   total 78848K, used 26542K [0x00000000a2600000, 0x0000000100000000)
  region size 1024K, 4 young (4096K), 4 survivors (4096K)
 Metaspace       used 31248K, committed 31680K, reserved 1114112K
  class space    used 4502K, committed 4672K, reserved 1048576K
}
Event: 7.242 GC heap before
{Heap before GC invocations=9 (full 0):
 garbage-first heap   total 78848K, used 57262K [0x00000000a2600000, 0x0000000100000000)
  region size 1024K, 34 young (34816K), 4 survivors (4096K)
 Metaspace       used 34657K, committed 35200K, reserved 1114112K
  class space    used 5056K, committed 5312K, reserved 1048576K
}
Event: 7.247 GC heap after
{Heap after GC invocations=10 (full 0):
 garbage-first heap   total 78848K, used 29018K [0x00000000a2600000, 0x0000000100000000)
  region size 1024K, 5 young (5120K), 5 survivors (5120K)
 Metaspace       used 34657K, committed 35200K, reserved 1114112K
  class space    used 5056K, committed 5312K, reserved 1048576K
}

